debug 2024/05/22 01:30:29 192 - 47
debug 2024/05/22 01:37:14 192 - 47
debug 2024/05/22 01:39:40 192 - 47
debug 2024/05/22 01:39:40 47
debug 2024/05/22 01:39:40 1
debug 2024/05/22 01:39:40 2
debug 2024/05/22 01:39:40 47
debug 2024/05/22 01:39:40 1
debug 2024/05/22 01:39:40 2
debug 2024/05/22 01:43:21 192 - 47
debug 2024/05/22 01:43:21 47
debug 2024/05/22 01:43:21 1
debug 2024/05/22 01:43:21 2
debug 2024/05/22 01:43:21 newHeight: 0
debug 2024/05/22 01:43:21 strHeight: 0
debug 2024/05/22 01:43:21 47
debug 2024/05/22 01:43:21 1
debug 2024/05/22 01:43:21 2
debug 2024/05/22 01:43:21 newHeight: 0
debug 2024/05/22 01:43:21 strHeight: 0
debug 2024/05/22 01:44:51 192 - 47
debug 2024/05/22 01:44:51 47
debug 2024/05/22 01:44:51 1
debug 2024/05/22 01:44:51 2
debug 2024/05/22 01:44:51 newHeight: 0 cof: 0
debug 2024/05/22 01:44:51 strHeight: 0
debug 2024/05/22 01:44:51 47
debug 2024/05/22 01:44:51 1
debug 2024/05/22 01:44:51 2
debug 2024/05/22 01:44:51 newHeight: 0 cof: 0
debug 2024/05/22 01:44:51 strHeight: 0
debug 2024/05/22 01:47:52 192 - 47
debug 2024/05/22 01:47:52 47
debug 2024/05/22 01:47:52 1
debug 2024/05/22 01:47:52 2
debug 2024/05/22 01:47:52 newHeight: 0 cof: 0.000000
debug 2024/05/22 01:47:52 strHeight: 0
debug 2024/05/22 01:47:52 47
debug 2024/05/22 01:47:52 1
debug 2024/05/22 01:47:52 2
debug 2024/05/22 01:47:52 newHeight: 0 cof: 0.000000
debug 2024/05/22 01:47:52 strHeight: 0
debug 2024/05/22 01:54:48 192 - 47
debug 2024/05/22 01:54:48 47
debug 2024/05/22 01:54:48 1
debug 2024/05/22 01:54:48 2
debug 2024/05/22 01:54:48 newHeight: 23 cof: 0.500000
debug 2024/05/22 01:54:48 strHeight: 23
debug 2024/05/22 01:54:48 47
debug 2024/05/22 01:54:48 1
debug 2024/05/22 01:54:48 2
debug 2024/05/22 01:54:48 newHeight: 23 cof: 0.500000
debug 2024/05/22 01:54:48 strHeight: 23
debug 2024/05/22 01:55:24 192 - 47
debug 2024/05/22 01:55:24 47
debug 2024/05/22 01:55:24 1
debug 2024/05/22 01:55:24 2
debug 2024/05/22 01:55:24 newHeight: 23 cof: 0.500000
debug 2024/05/22 01:55:24 strHeight: 23
debug 2024/05/22 01:55:24 47
debug 2024/05/22 01:55:24 1
debug 2024/05/22 01:55:24 2
debug 2024/05/22 01:55:24 newHeight: 23 cof: 0.500000
debug 2024/05/22 01:55:24 strHeight: 23
debug 2024/05/22 01:59:01 192 - 47
debug 2024/05/22 01:59:01 strHeight: 23
debug 2024/05/22 01:59:01 strHeight: 23
debug 2024/05/22 02:02:01 192 - 47
debug 2024/05/22 02:02:01 strHeight: 23
debug 2024/05/22 02:02:01 strHeight: 23
debug 2024/05/22 02:02:48 192 - 47
debug 2024/05/22 02:02:48 strHeight: 23
debug 2024/05/22 02:02:48 strHeight: 23
debug 2024/05/22 02:03:36 192 - 47
debug 2024/05/22 02:03:36 strHeight: 23
debug 2024/05/22 02:03:36 strHeight: 23
debug 2024/05/22 02:03:47 192 - 47
debug 2024/05/22 02:03:47 strHeight: 23
debug 2024/05/22 02:03:47 strHeight: 23
debug 2024/05/22 02:04:02 192 - 47
debug 2024/05/22 02:04:02 strHeight: 23
debug 2024/05/22 02:04:02 strHeight: 23
debug 2024/05/22 02:04:14 192 - 47
debug 2024/05/22 02:04:14 strHeight: 23
debug 2024/05/22 02:04:14 strHeight: 23
debug 2024/05/22 02:04:44 192 - 47
debug 2024/05/22 02:04:44 strHeight: 23
debug 2024/05/22 02:04:44 strHeight: 23
debug 2024/05/22 02:05:41 192 - 47
debug 2024/05/22 02:05:41 strHeight: 23
debug 2024/05/22 02:05:41 strHeight: 23
debug 2024/05/22 02:06:00 192 - 47
debug 2024/05/22 02:06:00 strHeight: 22
debug 2024/05/22 02:06:00 strHeight: 22
debug 2024/05/22 02:06:29 192 - 47
debug 2024/05/22 02:06:29 strHeight: 22
debug 2024/05/22 02:06:29 strHeight: 22
debug 2024/05/22 02:06:45 192 - 47
debug 2024/05/22 02:06:45 strHeight: 21
debug 2024/05/22 02:06:45 strHeight: 21
debug 2024/05/22 02:07:35 192 - 48
debug 2024/05/22 02:07:35 strHeight: 22
debug 2024/05/22 02:07:35 strHeight: 22
debug 2024/05/22 02:08:14 192 - 48
debug 2024/05/22 02:08:14 strHeight: 22
debug 2024/05/22 02:08:14 strHeight: 22
debug 2024/05/22 02:08:42 192 - 48
debug 2024/05/22 02:08:42 strHeight: 22
debug 2024/05/22 02:08:42 strHeight: 22
debug 2024/05/22 02:09:28 192 - 48
debug 2024/05/22 02:12:04 192 - 48
